-------------------------------------------------------------------------------
Test set: com.cg.pos.Pizzaorderingsystemboot1ApplicationTests
-------------------------------------------------------------------------------
Tests run: 1, Failures: 0, Errors: 1, Skipped: 0, Time elapsed: 4.059 s <<< FAILURE! - in com.cg.pos.Pizzaorderingsystemboot1ApplicationTests
contextLoads(com.cg.pos.Pizzaorderingsystemboot1ApplicationTests)  Time elapsed: 0.002 s  <<< ERROR!
java.lang.IllegalStateException: Failed to load ApplicationContext
Caused by: org.springframework.beans.factory.UnsatisfiedDependencyException: Error creating bean with name 'pizzaController': Unsatisfied dependency expressed through field 'pizzaService'; nested exception is org.springframework.beans.factory.UnsatisfiedDependencyException: Error creating bean with name 'pizzaServiceImpl': Unsatisfied dependency expressed through field 'dao'; nested exception is org.springframework.beans.factory.BeanCreationException: Error creating bean with name 'pizzaDaoImpl': Injection of persistence dependencies failed; nested exception is org.springframework.beans.factory.NoSuchBeanDefinitionException: No qualifying bean of type 'javax.persistence.EntityManagerFactory' available
Caused by: org.springframework.beans.factory.UnsatisfiedDependencyException: Error creating bean with name 'pizzaServiceImpl': Unsatisfied dependency expressed through field 'dao'; nested exception is org.springframework.beans.factory.BeanCreationException: Error creating bean with name 'pizzaDaoImpl': Injection of persistence dependencies failed; nested exception is org.springframework.beans.factory.NoSuchBeanDefinitionException: No qualifying bean of type 'javax.persistence.EntityManagerFactory' available
Caused by: org.springframework.beans.factory.BeanCreationException: Error creating bean with name 'pizzaDaoImpl': Injection of persistence dependencies failed; nested exception is org.springframework.beans.factory.NoSuchBeanDefinitionException: No qualifying bean of type 'javax.persistence.EntityManagerFactory' available
Caused by: org.springframework.beans.factory.NoSuchBeanDefinitionException: No qualifying bean of type 'javax.persistence.EntityManagerFactory' available

